VuforiaTargetDisplay/app/build/outputs/logs/manifest-merger-debug-report.txt
-- Merging decision tree log ---
manifest
ADDED from src/main/AndroidManifest.xml:2:1-202:12
	package
		ADDED from src/main/AndroidManifest.xml:3:5-49
		INJECTED from src/main/AndroidManifest.xml
		INJECTED from src/main/AndroidManifest.xml
	android:versionName
		ADDED from src/main/AndroidManifest.xml:5:5-30
		INJECTED from src/main/AndroidManifest.xml
		INJECTED from src/main/AndroidManifest.xml
	android:versionCode
		ADDED from src/main/AndroidManifest.xml:4:5-30
		INJECTED from src/main/AndroidManifest.xml
		INJECTED from src/main/AndroidManifest.xml
	xmlns:android
		ADDED from src/main/AndroidManifest.xml:2:11-69
uses-sdk
ADDED from src/main/AndroidManifest.xml:17:5-74
	android:targetSdkVersion
		ADDED from src/main/AndroidManifest.xml:17:42-71
		INJECTED from src/main/AndroidManifest.xml
		INJECTED from src/main/AndroidManifest.xml
	android:minSdkVersion
		ADDED from src/main/AndroidManifest.xml:17:15-41
		INJECTED from src/main/AndroidManifest.xml
		INJECTED from src/main/AndroidManifest.xml
uses-feature#0x00020000
ADDED from src/main/AndroidManifest.xml:19:5-54
	android:glEsVersion
		ADDED from src/main/AndroidManifest.xml:19:19-51
uses-feature#android.hardware.camera
ADDED from src/main/AndroidManifest.xml:36:5-60
	android:name
		ADDED from src/main/AndroidManifest.xml:36:19-57
uses-permission#android.permission.CAMERA
ADDED from src/main/AndroidManifest.xml:41:5-65
	android:name
		ADDED from src/main/AndroidManifest.xml:41:22-62
uses-permission#android.permission.INTERNET
ADDED from src/main/AndroidManifest.xml:46:5-66
	android:name
		ADDED from src/main/AndroidManifest.xml:46:22-64
uses-permission#android.permission.ACCESS_NETWORK_STATE
ADDED from src/main/AndroidManifest.xml:52:5-79
	android:name
		ADDED from src/main/AndroidManifest.xml:52:22-76
uses-permission#android.permission.READ_EXTERNAL_STORAGE
ADDED from src/main/AndroidManifest.xml:54:5-79
	android:name
		ADDED from src/main/AndroidManifest.xml:54:22-77
application
ADDED from src/main/AndroidManifest.xml:66:5-200:19
	android:label
		ADDED from src/main/AndroidManifest.xml:68:9-41
	android:launchMode
		ADDED from src/main/AndroidManifest.xml:70:9-40
	android:allowBackup
		ADDED from src/main/AndroidManifest.xml:71:9-35
	android:icon
		ADDED from src/main/AndroidManifest.xml:67:9-38
	android:description
		ADDED from src/main/AndroidManifest.xml:69:9-54
	android:theme
		ADDED from src/main/AndroidManifest.xml:72:9-47
activity#com.vuforia.samples.VuforiaSamples.ui.ActivityList.ActivitySplashScreen
ADDED from src/main/AndroidManifest.xml:91:10-98:21
	android:screenOrientation
		ADDED from src/main/AndroidManifest.xml:94:13-49
	android:noHistory
		ADDED from src/main/AndroidManifest.xml:95:13-37
	android:configChanges
		ADDED from src/main/AndroidManifest.xml:93:13-93
	android:name
		ADDED from src/main/AndroidManifest.xml:92:13-65
activity#com.vuforia.samples.VuforiaSamples.ui.ActivityList.ActivityLauncher
ADDED from src/main/AndroidManifest.xml:100:9-105:20
	android:screenOrientation
		ADDED from src/main/AndroidManifest.xml:103:13-49
	android:configChanges
		ADDED from src/main/AndroidManifest.xml:102:13-93
	android:name
		ADDED from src/main/AndroidManifest.xml:101:13-61
activity#com.vuforia.samples.VuforiaSamples.ui.ActivityList.AboutScreen
ADDED from src/main/AndroidManifest.xml:107:10-113:20
	android:screenOrientation
		ADDED from src/main/AndroidManifest.xml:110:13-49
	android:noHistory
		ADDED from src/main/AndroidManifest.xml:111:13-37
	android:configChanges
		ADDED from src/main/AndroidManifest.xml:109:13-93
	android:name
		ADDED from src/main/AndroidManifest.xml:108:13-56
activity#com.vuforia.samples.VuforiaSamples.app.ImageTargets.ImageTargets
ADDED from src/main/AndroidManifest.xml:115:9-126:20
	android:launchMode
		ADDED from src/main/AndroidManifest.xml:119:11-42
	android:configChanges
		ADDED from src/main/AndroidManifest.xml:117:13-93
	android:theme
		ADDED from src/main/AndroidManifest.xml:118:10-48
	android:name
		ADDED from src/main/AndroidManifest.xml:116:13-58
intent-filter#android.intent.action.MAIN+android.intent.category.LAUNCHER
ADDED from src/main/AndroidManifest.xml:121:13-125:29
action#android.intent.action.MAIN
ADDED from src/main/AndroidManifest.xml:122:17-69
	android:name
		ADDED from src/main/AndroidManifest.xml:122:25-66
category#android.intent.category.LAUNCHER
ADDED from src/main/AndroidManifest.xml:124:17-77
	android:name
		ADDED from src/main/AndroidManifest.xml:124:27-74
activity#com.vuforia.samples.VuforiaSamples.app.VuMark.VuMark
ADDED from src/main/AndroidManifest.xml:128:9-134:20
	android:launchMode
		ADDED from src/main/AndroidManifest.xml:132:13-44
	android:configChanges
		ADDED from src/main/AndroidManifest.xml:130:13-93
	android:theme
		ADDED from src/main/AndroidManifest.xml:131:13-51
	android:name
		ADDED from src/main/AndroidManifest.xml:129:13-46
activity#com.vuforia.samples.VuforiaSamples.app.TextRecognition.TextReco
ADDED from src/main/AndroidManifest.xml:136:9-142:20
	android:launchMode
		ADDED from src/main/AndroidManifest.xml:140:12-43
	android:configChanges
		ADDED from src/main/AndroidManifest.xml:138:13-93
	android:theme
		ADDED from src/main/AndroidManifest.xml:139:10-48
	android:name
		ADDED from src/main/AndroidManifest.xml:137:13-57
activity#com.vuforia.samples.VuforiaSamples.app.CylinderTargets.CylinderTargets
ADDED from src/main/AndroidManifest.xml:144:9-150:20
	android:launchMode
		ADDED from src/main/AndroidManifest.xml:148:11-42
	android:configChanges
		ADDED from src/main/AndroidManifest.xml:146:13-93
	android:theme
		ADDED from src/main/AndroidManifest.xml:147:10-48
	android:name
		ADDED from src/main/AndroidManifest.xml:145:13-64
activity#com.vuforia.samples.VuforiaSamples.app.FrameMarkers.FrameMarkers
ADDED from src/main/AndroidManifest.xml:152:9-158:20
	android:launchMode
		ADDED from src/main/AndroidManifest.xml:156:11-42
	android:configChanges
		ADDED from src/main/AndroidManifest.xml:154:13-93
	android:theme
		ADDED from src/main/AndroidManifest.xml:155:10-48
	android:name
		ADDED from src/main/AndroidManifest.xml:153:13-58
activity#com.vuforia.samples.VuforiaSamples.app.VirtualButtons.VirtualButtons
ADDED from src/main/AndroidManifest.xml:160:9-166:20
	android:launchMode
		ADDED from src/main/AndroidManifest.xml:164:11-42
	android:configChanges
		ADDED from src/main/AndroidManifest.xml:162:13-93
	android:theme
		ADDED from src/main/AndroidManifest.xml:163:10-48
	android:name
		ADDED from src/main/AndroidManifest.xml:161:13-62
activity#com.vuforia.samples.VuforiaSamples.app.UserDefinedTargets.UserDefinedTargets
ADDED from src/main/AndroidManifest.xml:168:9-174:20
	android:launchMode
		ADDED from src/main/AndroidManifest.xml:172:11-42
	android:configChanges
		ADDED from src/main/AndroidManifest.xml:170:13-93
	android:theme
		ADDED from src/main/AndroidManifest.xml:171:10-48
	android:name
		ADDED from src/main/AndroidManifest.xml:169:13-70
activity#com.vuforia.samples.VuforiaSamples.app.MultiTargets.MultiTargets
ADDED from src/main/AndroidManifest.xml:176:9-182:20
	android:launchMode
		ADDED from src/main/AndroidManifest.xml:180:11-42
	android:configChanges
		ADDED from src/main/AndroidManifest.xml:178:13-93
	android:theme
		ADDED from src/main/AndroidManifest.xml:179:10-48
	android:name
		ADDED from src/main/AndroidManifest.xml:177:13-58
activity#com.vuforia.samples.VuforiaSamples.app.CloudRecognition.CloudReco
ADDED from src/main/AndroidManifest.xml:184:9-190:20
	android:launchMode
		ADDED from src/main/AndroidManifest.xml:188:11-42
	android:configChanges
		ADDED from src/main/AndroidManifest.xml:186:13-93
	android:theme
		ADDED from src/main/AndroidManifest.xml:187:10-48
	android:name
		ADDED from src/main/AndroidManifest.xml:185:13-59
activity#com.vuforia.samples.VuforiaSamples.app.ObjectRecognition.ObjectTargets
ADDED from src/main/AndroidManifest.xml:192:9-198:20
	android:launchMode
		ADDED from src/main/AndroidManifest.xml:196:11-42
	android:configChanges
		ADDED from src/main/AndroidManifest.xml:194:13-93
	android:theme
		ADDED from src/main/AndroidManifest.xml:195:10-48
	android:name
		ADDED from src/main/AndroidManifest.xml:193:13-64